Cache size                    : 32768
Block size                    : 32
Associativity                 : 16
Read only ports               : 1
Write only ports              : 2
Read write ports              : 0
Single ended read ports       : 0
Cache banks (UCA)             : 2
Technology                    : 0.022
Temperature                   : 360
Tag size                      : 42
array type                    : Cache
Model as memory               : 0
Model as 3D memory       	 : 0
Access mode                   : 0
Data array cell type          : 0
Data array peripheral type    : 0
Tag array cell type           : 0
Tag array peripheral type     : 0
Optimization target           : 2
Design objective (UCA wt)     : 100 0 0 100 0
Design objective (UCA dev)    : 100 100000 100000 100 100
Cache model                   : 0
Nuca bank                     : 0
Wire inside mat               : 1
Wire outside mat              : 2
Interconnect projection       : 0
Wire signaling               : 0
Print level                   : 1
ECC overhead                  : 0
Page size                     : 4096
Burst length                  : 8
Internal prefetch width       : 8
Force cache config            : 0
Subarray Driver direction       : 1
iostate                       : WRITE
dram_ecc                      : NO_ECC
io_type                     : DDR3
dram_dimm                      : UDIMM
IO Area (sq.mm) = inf
IO Timing Margin (ps) = -14.1667
IO Votlage Margin (V) = 0.155
IO Dynamic Power (mW) = 1506.36 PHY Power (mW) = 232.752 PHY Wakeup Time (us) = 27.503
IO Termination and Bias Power (mW) = 2505.96

---------- CACTI (version 7.0.3DD Prerelease of Aug, 2012), Uniform Cache Access SRAM Model ----------

Cache Parameters:
    Total cache size (bytes): 32768
    Number of banks: 2
    Associativity: 16
    Block size (bytes): 32
    Read/write Ports: 0
    Read ports: 1
    Write ports: 2
    Technology size (nm): 22

    Access time (ns): 0.639383
    Cycle time (ns):  0.72778
    Total dynamic read energy per access (nJ): 0.0838833
    Total dynamic write energy per access (nJ): 0.090047
    Total leakage power of a bank (mW): 12.915
    Total gate leakage power of a bank (mW): 0.0375301
    Cache height x width (mm): 0.478618 x 2.20077

    Best Ndwl : 4
    Best Ndbl : 2
    Best Nspd : 1
    Best Ndcm : 1
    Best Ndsam L1 : 16
    Best Ndsam L2 : 1

    Best Ntwl : 4
    Best Ntbl : 2
    Best Ntspd : 0.5
    Best Ntcm : 1
    Best Ntsam L1 : 1
    Best Ntsam L2 : 1
    Data array, H-tree wire type: Global wires with 10% delay penalty
    Tag array, H-tree wire type: Delay optimized global wires

Time Components:

  Data side (with Output driver) (ns): 0.639383
	H-tree input delay (ns): 0.110447
	Decoder + wordline delay (ns): 0.243098
	Bitline delay (ns): 0.0743392
	Sense Amplifier delay (ns): 0.00193262
	H-tree output delay (ns): 0.198961
	 DELAY_SENSEAMP_MUX_DECODER (ns): 0.286205
	 DELAY_BIT_MUX_PREDECODE_DRIVER_AND_BLOCK (ns): 0
	 DELAY_BIT_MUX_DECODER (ns): 0
	 DELAY_SENSEAMP_MUX_LEV_1_PREDECODE_DRIVER_AND_BLOCK (ns): 0
	 DELAY_SENSEAMP_MUX_LEV_1_DECODER (ns): 0
	 DELAY_SENSEAMP_MUX_LEV_2_PREDECODE_DRIVER_AND_BLOCK (ns): 0
	 DELAY_SENSEAMP_MUX_LEV_2_DECODER (ns): 0

  Tag side (with Output driver) (ns): 0.142421
	H-tree input delay (ns): 0.0184347
	Decoder + wordline delay (ns): 0.055067
	Bitline delay (ns): 0.0196593
	Sense Amplifier delay (ns): 0.00193262
	Comparator delay (ns): 0.0198706
	H-tree output delay (ns): 0.0443846


Power Components:

  Data array: Total dynamic read energy/access  (nJ): 0.081006
	Total energy in H-tree (that includes both address and data transfer) (nJ): 0.053808
	Output Htree inside bank Energy (nJ): 0.042231
	Decoder (nJ): 1.40016e-05
	Wordline (nJ): 0.000385722
	Bitline mux & associated drivers (nJ): 0
	Sense amp mux & associated drivers (nJ): 0
	Bitlines precharge and equalization circuit (nJ): 0.00159483
	Bitlines (nJ): 0.00171222
	Sense amplifier energy (nJ): 0.00166329
	Sub-array output driver (nJ): 0.0216609
	Total leakage power of a bank (mW): 10.0734
	Total leakage power in H-tree (that includes both address and data network) ((mW)): 4.4877
	Total leakage power in cells (mW): 0
	Total leakage power in row logic(mW): 0
	Total leakage power in column logic(mW): 0
	Total gate leakage power in H-tree (that includes both address and data network) ((mW)): 0.0210891

  Tag array:  Total dynamic read energy/access (nJ): 0.00287736
	Total leakage read/write power of a bank (mW): 2.84159
	Total energy in H-tree (that includes both address and data transfer) (nJ): 0.00115736
	Output Htree inside a bank Energy (nJ): 0.000441138
	Decoder (nJ): 2.46024e-05
	Wordline (nJ): 8.74261e-05
	Bitline mux & associated drivers (nJ): 0
	Sense amp mux & associated drivers (nJ): 0
	Bitlines precharge and equalization circuit (nJ): 0.000264095
	Bitlines (nJ): 0.000422196
	Sense amplifier energy (nJ): 0.0002339
	Sub-array output driver (nJ): 0.00016098
	Total leakage power of a bank (mW): 2.84159
	Total leakage power in H-tree (that includes both address and data network) ((mW)): 0.2577
	Total leakage power in cells (mW): 0
	Total leakage power in row logic(mW): 0
	Total leakage power in column logic(mW): 0
	Total gate leakage power in H-tree (that includes both address and data network) ((mW)): 0.00174725


Area Components:

  Data array: Area (mm2): 0.968845
	Height (mm): 0.478618
	Width (mm): 2.02425
	Area efficiency (Memory cell area/Total area) - 6.44312 %
		MAT Height (mm): 0.0958691
		MAT Length (mm): 0.939087
		Subarray Height (mm): 0.0086592
		Subarray Length (mm): 0.46112

  Tag array: Area (mm2): 0.0234393
	Height (mm): 0.132788
	Width (mm): 0.176517
	Area efficiency (Memory cell area/Total area) - 37.4515 %
		MAT Height (mm): 0.0482658
		MAT Length (mm): 0.0778745
		Subarray Height (mm): 0.0173184
		Subarray Length (mm): 0.03234

Wire Properties:

  Delay Optimal
	Repeater size - 103.081 
	Repeater spacing - 0.0804897 (mm) 
	Delay - 0.0886354 (ns/mm) 
	PowerD - 0.000280553 (nJ/mm) 
	PowerL - 0.0215843 (mW/mm) 
	PowerLgate - 9.17939e-05 (mW/mm)
	Wire width - 0.044 microns
	Wire spacing - 0.044 microns

  5% Overhead
	Repeater size - 42.0815 
	Repeater spacing - 0.0804897 (mm) 
	Delay - 0.0925414 (ns/mm) 
	PowerD - 0.000182747 (nJ/mm) 
	PowerL - 0.00881145 (mW/mm) 
	PowerLgate - 3.74735e-05 (mW/mm)
	Wire width - 0.044 microns
	Wire spacing - 0.044 microns

  10% Overhead
	Repeater size - 36.0815 
	Repeater spacing - 0.0804897 (mm) 
	Delay - 0.0971883 (ns/mm) 
	PowerD - 0.000173475 (nJ/mm) 
	PowerL - 0.00755511 (mW/mm) 
	PowerLgate - 3.21305e-05 (mW/mm)
	Wire width - 0.044 microns
	Wire spacing - 0.044 microns

  20% Overhead
	Repeater size - 42.0815 
	Repeater spacing - 0.18049 (mm) 
	Delay - 0.106204 (ns/mm) 
	PowerD - 0.000152379 (nJ/mm) 
	PowerL - 0.00392948 (mW/mm) 
	PowerLgate - 1.67114e-05 (mW/mm)
	Wire width - 0.044 microns
	Wire spacing - 0.044 microns

  30% Overhead
	Repeater size - 33.0815 
	Repeater spacing - 0.18049 (mm) 
	Delay - 0.114067 (ns/mm) 
	PowerD - 0.00014499 (nJ/mm) 
	PowerL - 0.00308908 (mW/mm) 
	PowerLgate - 1.31373e-05 (mW/mm)
	Wire width - 0.044 microns
	Wire spacing - 0.044 microns

  Low-swing wire (1 mm) - Note: Unlike repeated wires, 
	delay and power values of low-swing wires do not
	have a linear relationship with length. 
	delay - 0.0902442 (ns) 
	powerD - 2.8399e-06 (nJ) 
	PowerL - 1.71796e-07 (mW) 
	PowerLgate - 1.29017e-09 (mW)
	Wire width - 8.8e-08 microns
	Wire spacing - 8.8e-08 microns


top 3 best memory configurations are:
Memory    cap: 80 GB num_bobs: 1 bw: 533 (MHz) cost: $731.2 energy: 32.6101 (nJ) 
 {
 (0)  BoB       cap: 80 GB num_channels: 1 bw: 533 (MHz) cost: $731.2 energy: 32.6101 (nJ) 
    ==============
    (0) cap: 80 GB bw: 533 (MHz) cost: $731.2 dpc: 3 energy: 32.6101 (nJ)  DIMM:  RDIMM  low power: F [ 0(4GB) 0(8GB) 1(16GB) 2(32GB) 0(64GB) ]
    ==============

 }

=============================================

